This file contains any messages produced by compilers while
running configure, to aid debugging if configure makes a mistake.

It was created by configure, which was
generated by GNU Autoconf 2.53a.  Invocation command line was

  $ ./configure 

## --------- ##
## Platform. ##
## --------- ##

hostname = eduED3C.kent.ac.uk
uname -m = x86_64
uname -r = 16.7.0
uname -s = Darwin
uname -v = Darwin Kernel Version 16.7.0: Thu Jun 15 17:36:27 PDT 2017; root:xnu-3789.70.16~2/RELEASE_X86_64

/usr/bin/uname -p = i386
/bin/uname -X     = unknown

/bin/arch              = unknown
/usr/bin/arch -k       = unknown
/usr/convex/getsysinfo = unknown
hostinfo               = Mach kernel version:
	 Darwin Kernel Version 16.7.0: Thu Jun 15 17:36:27 PDT 2017; root:xnu-3789.70.16~2/RELEASE_X86_64
Kernel configured for up to 8 processors.
4 processors are physically available.
8 processors are logically available.
Processor type: x86_64h (Intel x86-64h Haswell)
Processors active: 0 1 2 3 4 5 6 7
Primary memory available: 16.00 gigabytes
Default processor set: 363 tasks, 1483 threads, 8 processors
Load average: 1.38, Mach factor: 6.61
/bin/machine           = unknown
/usr/bin/oslevel       = unknown
/bin/universe          = unknown

PATH: /usr/local/bin
PATH: /usr/bin
PATH: /bin
PATH: /usr/sbin
PATH: /sbin
PATH: /opt/X11/bin
PATH: /Users/Jack/Documents/Computer_Science/MSc/Dissertation/contiki-corpus/Static_Analysis/Open_source_tools/checker-279/bin/
PATH: /Users/Jack/Documents/Computer_Science/Contiki/static_analysis_tools/CodeSonar/codesonar-4.4p0/codesonar/bin/
PATH: /Users/Jack/Documents/Computer_Science/Contiki/static_analysis_tools/FlexeLint_v9/
PATH: /usr/local/Caskroom/gcc-arm-embedded/6.2\,2016q4\
PATH: 20161216/gcc-arm-none-eabi-6_2-2016q4/bin
PATH: /Library/TeX/texbin
PATH: /Applications/Wireshark.app/Contents/MacOS


## ----------- ##
## Core tests. ##
## ----------- ##

configure:1250: checking for gcc
configure:1266: found /usr/bin/gcc
configure:1276: result: gcc
configure:1518: checking for C compiler version
configure:1521: gcc --version </dev/null >&5
Configured with: --prefix=/Applications/Xcode.app/Contents/Developer/usr --with-gxx-include-dir=/Applications/Xcode.app/Contents/Developer/Platforms/MacOSX.platform/Developer/SDKs/MacOSX10.12.sdk/usr/include/c++/4.2.1
Apple LLVM version 8.0.0 (clang-800.0.42.1)
Target: x86_64-apple-darwin16.7.0
Thread model: posix
InstalledDir: /Applications/Xcode.app/Contents/Developer/Toolchains/XcodeDefault.xctoolchain/usr/bin
configure:1524: $? = 0
configure:1526: gcc -v </dev/null >&5
Configured with: --prefix=/Applications/Xcode.app/Contents/Developer/usr --with-gxx-include-dir=/Applications/Xcode.app/Contents/Developer/Platforms/MacOSX.platform/Developer/SDKs/MacOSX10.12.sdk/usr/include/c++/4.2.1
Apple LLVM version 8.0.0 (clang-800.0.42.1)
Target: x86_64-apple-darwin16.7.0
Thread model: posix
InstalledDir: /Applications/Xcode.app/Contents/Developer/Toolchains/XcodeDefault.xctoolchain/usr/bin
configure:1529: $? = 0
configure:1531: gcc -V </dev/null >&5
clang: error: argument to '-V' is missing (expected 1 value)
clang: error: no input files
configure:1534: $? = 1
configure:1560: checking for C compiler default output
configure:1563: gcc    conftest.c  >&5
configure:1566: $? = 0
configure:1599: result: a.out
configure:1604: checking whether the C compiler works
configure:1610: ./a.out
configure:1613: $? = 0
configure:1628: result: yes
configure:1635: checking whether we are cross compiling
configure:1637: result: no
configure:1640: checking for suffix of executables
configure:1642: gcc -o conftest    conftest.c  >&5
configure:1645: $? = 0
configure:1667: result: 
configure:1673: checking for suffix of object files
configure:1697: gcc -c   conftest.c >&5
configure:1700: $? = 0
configure:1719: result: o
configure:1723: checking whether we are using the GNU C compiler
configure:1750: gcc -c   conftest.c >&5
configure:1753: $? = 0
configure:1756: test -s conftest.o
configure:1759: $? = 0
configure:1771: result: yes
configure:1777: checking whether gcc accepts -g
configure:1801: gcc -c -g  conftest.c >&5
configure:1804: $? = 0
configure:1807: test -s conftest.o
configure:1810: $? = 0
configure:1820: result: yes
configure:1837: checking for gcc option to accept ANSI C
configure:1900: gcc  -c -g -O2  conftest.c >&5
configure:1903: $? = 0
configure:1906: test -s conftest.o
configure:1909: $? = 0
configure:1926: result: none needed
configure:1944: gcc -c -g -O2  conftest.c >&5
conftest.c:2:3: error: unknown type name 'choke'
  choke me
  ^
conftest.c:2:11: error: expected ';' after top level declarator
  choke me
          ^
          ;
2 errors generated.
configure:1947: $? = 1
configure: failed program was:
#ifndef __cplusplus
  choke me
#endif
configure:2062: checking for flex
configure:2078: found /usr/bin/flex
configure:2088: result: flex
configure:2101: checking for yywrap in -lfl
configure:2134: gcc -o conftest -g -O2   conftest.c -lfl   >&5
ld: library not found for -lfl
clang: error: linker command failed with exit code 1 (use -v to see invocation)
configure:2137: $? = 1
configure: failed program was:
#line 2108 "configure"
#include "confdefs.h"

/* Override any gcc2 internal prototype to avoid an error.  */
#ifdef __cplusplus
extern "C"
#endif
/* We use char because int might match the return type of a gcc2
   builtin and then its argument prototype would still apply.  */
char yywrap ();
#ifdef F77_DUMMY_MAIN
#  ifdef __cplusplus
     extern "C"
#  endif
   int F77_DUMMY_MAIN() { return 1; }
#endif
int
main ()
{
yywrap ();
  ;
  return 0;
}
configure:2154: result: no
configure:2159: checking for yywrap in -ll
configure:2192: gcc -o conftest -g -O2   conftest.c -ll   >&5
configure:2195: $? = 0
configure:2198: test -s conftest
configure:2201: $? = 0
configure:2212: result: yes
configure:2223: checking lex output file root
configure:2234: flex conftest.l
configure:2237: $? = 0
configure:2249: result: lex.yy
configure:2254: checking whether yytext is a pointer
configure:2270: gcc -o conftest -g -O2   conftest.c  -ll >&5
configure:2273: $? = 0
configure:2276: test -s conftest
configure:2279: $? = 0
configure:2291: result: yes
configure:2339: checking for a BSD-compatible install
configure:2393: result: /usr/bin/install -c
configure:2423: checking for XML_ParserCreate in -lexpat
configure:2456: gcc -o conftest -g -O2 -I/usr/local/include  -I/usr/local/include  -L/usr/local/lib conftest.c -lexpat   >&5
configure:2459: $? = 0
configure:2462: test -s conftest
configure:2465: $? = 0
configure:2476: result: yes
configure:2496: checking how to run the C preprocessor
configure:2522: gcc -E  -I/usr/local/include conftest.c
configure:2528: $? = 0
configure:2555: gcc -E  -I/usr/local/include conftest.c
configure:2551:10: fatal error: 'ac_nonexistent.h' file not found
#include <ac_nonexistent.h>
         ^
1 error generated.
configure:2561: $? = 1
configure: failed program was:
#line 2550 "configure"
#include "confdefs.h"
#include <ac_nonexistent.h>
configure:2598: result: gcc -E
configure:2613: gcc -E  -I/usr/local/include conftest.c
configure:2619: $? = 0
configure:2646: gcc -E  -I/usr/local/include conftest.c
configure:2642:10: fatal error: 'ac_nonexistent.h' file not found
#include <ac_nonexistent.h>
         ^
1 error generated.
configure:2652: $? = 1
configure: failed program was:
#line 2641 "configure"
#include "confdefs.h"
#include <ac_nonexistent.h>
configure:2692: checking for ANSI C header files
configure:2706: gcc -E  -I/usr/local/include conftest.c
configure:2712: $? = 0
configure:2799: gcc -o conftest -g -O2 -I/usr/local/include  -I/usr/local/include  -L/usr/local/lib conftest.c -lexpat  >&5
configure:2790:7: warning: implicitly declaring library function 'exit' with type 'void (int) __attribute__((noreturn))' [-Wimplicit-function-declaration]
      exit(2);
      ^
configure:2790:7: note: include the header <stdlib.h> or explicitly provide a declaration for 'exit'
1 warning generated.
configure:2802: $? = 0
configure:2804: ./conftest
configure:2807: $? = 0
configure:2821: result: yes
configure:2845: checking for sys/types.h
configure:2858: gcc -c -g -O2 -I/usr/local/include  -I/usr/local/include conftest.c >&5
configure:2861: $? = 0
configure:2864: test -s conftest.o
configure:2867: $? = 0
configure:2877: result: yes
configure:2845: checking for sys/stat.h
configure:2858: gcc -c -g -O2 -I/usr/local/include  -I/usr/local/include conftest.c >&5
configure:2861: $? = 0
configure:2864: test -s conftest.o
configure:2867: $? = 0
configure:2877: result: yes
configure:2845: checking for stdlib.h
configure:2858: gcc -c -g -O2 -I/usr/local/include  -I/usr/local/include conftest.c >&5
configure:2861: $? = 0
configure:2864: test -s conftest.o
configure:2867: $? = 0
configure:2877: result: yes
configure:2845: checking for string.h
configure:2858: gcc -c -g -O2 -I/usr/local/include  -I/usr/local/include conftest.c >&5
configure:2861: $? = 0
configure:2864: test -s conftest.o
configure:2867: $? = 0
configure:2877: result: yes
configure:2845: checking for memory.h
configure:2858: gcc -c -g -O2 -I/usr/local/include  -I/usr/local/include conftest.c >&5
configure:2861: $? = 0
configure:2864: test -s conftest.o
configure:2867: $? = 0
configure:2877: result: yes
configure:2845: checking for strings.h
configure:2858: gcc -c -g -O2 -I/usr/local/include  -I/usr/local/include conftest.c >&5
configure:2861: $? = 0
configure:2864: test -s conftest.o
configure:2867: $? = 0
configure:2877: result: yes
configure:2845: checking for inttypes.h
configure:2858: gcc -c -g -O2 -I/usr/local/include  -I/usr/local/include conftest.c >&5
configure:2861: $? = 0
configure:2864: test -s conftest.o
configure:2867: $? = 0
configure:2877: result: yes
configure:2845: checking for stdint.h
configure:2858: gcc -c -g -O2 -I/usr/local/include  -I/usr/local/include conftest.c >&5
configure:2861: $? = 0
configure:2864: test -s conftest.o
configure:2867: $? = 0
configure:2877: result: yes
configure:2845: checking for unistd.h
configure:2858: gcc -c -g -O2 -I/usr/local/include  -I/usr/local/include conftest.c >&5
configure:2861: $? = 0
configure:2864: test -s conftest.o
configure:2867: $? = 0
configure:2877: result: yes
configure:2903: checking expat.h usability
configure:2912: gcc -c -g -O2 -I/usr/local/include  -I/usr/local/include conftest.c >&5
configure:2915: $? = 0
configure:2918: test -s conftest.o
configure:2921: $? = 0
configure:2930: result: yes
configure:2934: checking expat.h presence
configure:2941: gcc -E  -I/usr/local/include conftest.c
configure:2947: $? = 0
configure:2965: result: yes
configure:2983: checking for expat.h
configure:2990: result: yes
configure:3019: checking xmlparse.h usability
configure:3028: gcc -c -g -O2 -I/usr/local/include  -I/usr/local/include conftest.c >&5
configure:3056:10: fatal error: 'xmlparse.h' file not found
#include <xmlparse.h>
         ^
1 error generated.
configure:3031: $? = 1
configure: failed program was:
#line 3021 "configure"
#include "confdefs.h"
#include <stdio.h>
#if HAVE_SYS_TYPES_H
# include <sys/types.h>
#endif
#if HAVE_SYS_STAT_H
# include <sys/stat.h>
#endif
#if STDC_HEADERS
# include <stdlib.h>
# include <stddef.h>
#else
# if HAVE_STDLIB_H
#  include <stdlib.h>
# endif
#endif
#if HAVE_STRING_H
# if !STDC_HEADERS && HAVE_MEMORY_H
#  include <memory.h>
# endif
# include <string.h>
#endif
#if HAVE_STRINGS_H
# include <strings.h>
#endif
#if HAVE_INTTYPES_H
# include <inttypes.h>
#else
# if HAVE_STDINT_H
#  include <stdint.h>
# endif
#endif
#if HAVE_UNISTD_H
# include <unistd.h>
#endif
#include <xmlparse.h>
configure:3046: result: no
configure:3050: checking xmlparse.h presence
configure:3057: gcc -E  -I/usr/local/include conftest.c
configure:3053:10: fatal error: 'xmlparse.h' file not found
#include <xmlparse.h>
         ^
1 error generated.
configure:3063: $? = 1
configure: failed program was:
#line 3052 "configure"
#include "confdefs.h"
#include <xmlparse.h>
configure:3081: result: no
configure:3099: checking for xmlparse.h
configure:3106: result: no
configure:3242: creating ./config.status

## ---------------------- ##
## Running config.status. ##
## ---------------------- ##

This file was extended by config.status, which was
generated by GNU Autoconf 2.53a.  Invocation command line was

  CONFIG_FILES    = 
  CONFIG_HEADERS  = 
  CONFIG_LINKS    = 
  CONFIG_COMMANDS = 
  $ ./config.status 

on eduED3C.kent.ac.uk

config.status:594: creating Makefile

## ---------------- ##
## Cache variables. ##
## ---------------- ##

ac_cv_c_compiler_gnu=yes
ac_cv_env_CC_set=
ac_cv_env_CC_value=
ac_cv_env_CFLAGS_set=
ac_cv_env_CFLAGS_value=
ac_cv_env_CPPFLAGS_set=
ac_cv_env_CPPFLAGS_value=
ac_cv_env_CPP_set=
ac_cv_env_CPP_value=
ac_cv_env_LDFLAGS_set=
ac_cv_env_LDFLAGS_value=
ac_cv_env_build_alias_set=
ac_cv_env_build_alias_value=
ac_cv_env_host_alias_set=
ac_cv_env_host_alias_value=
ac_cv_env_target_alias_set=
ac_cv_env_target_alias_value=
ac_cv_exeext=
ac_cv_header_expat_h=yes
ac_cv_header_inttypes_h=yes
ac_cv_header_memory_h=yes
ac_cv_header_stdc=yes
ac_cv_header_stdint_h=yes
ac_cv_header_stdlib_h=yes
ac_cv_header_string_h=yes
ac_cv_header_strings_h=yes
ac_cv_header_sys_stat_h=yes
ac_cv_header_sys_types_h=yes
ac_cv_header_unistd_h=yes
ac_cv_header_xmlparse_h=no
ac_cv_lib_expat_XML_ParserCreate=yes
ac_cv_lib_fl_yywrap=no
ac_cv_lib_l_yywrap=yes
ac_cv_objext=o
ac_cv_path_install='/usr/bin/install -c'
ac_cv_prog_CPP='gcc -E'
ac_cv_prog_LEX=flex
ac_cv_prog_ac_ct_CC=gcc
ac_cv_prog_cc_g=yes
ac_cv_prog_cc_stdc=
ac_cv_prog_lex_root=lex.yy
ac_cv_prog_lex_yytext_pointer=yes

## ----------- ##
## confdefs.h. ##
## ----------- ##

#define PACKAGE_NAME ""
#define PACKAGE_TARNAME ""
#define PACKAGE_VERSION ""
#define PACKAGE_STRING ""
#define PACKAGE_BUGREPORT ""
#define YYTEXT_POINTER 1
#define HAVE_LIBEXPAT 1
#define STDC_HEADERS 1
#define HAVE_SYS_TYPES_H 1
#define HAVE_SYS_STAT_H 1
#define HAVE_STDLIB_H 1
#define HAVE_STRING_H 1
#define HAVE_MEMORY_H 1
#define HAVE_STRINGS_H 1
#define HAVE_INTTYPES_H 1
#define HAVE_STDINT_H 1
#define HAVE_UNISTD_H 1
#define HAVE_EXPAT_H 1

configure: exit 0
